{
  message: 'Database is connected successfully',
  level: 'info',
  label: 'info',
  timestamp: '2023-06-11T06:07:21.281Z'
}
{
  message: 'Example app listening on port 5000',
  level: 'info',
  label: 'info',
  timestamp: '2023-06-11T06:07:21.296Z'
}
{
  message: 'Database is connected successfully',
  level: 'info',
  label: 'info',
  timestamp: '2023-06-11T06:07:29.994Z'
}
{
  message: 'Example app listening on port 5000',
  level: 'info',
  label: 'info',
  timestamp: '2023-06-11T06:07:30.010Z'
}
Sun Jun 11 2023 12:09:36 GMT+0600 (Bangladesh Standard Time)  12:9:36 [info] info: Database is connected successfully
Sun Jun 11 2023 12:09:36 GMT+0600 (Bangladesh Standard Time)  12:9:36 [info] info: Example app listening on port 5000
Sun Jun 11 2023 12:09:46 GMT+0600 (Bangladesh Standard Time)  12:9:46 [info] info: Database is connected successfully
Sun Jun 11 2023 12:09:46 GMT+0600 (Bangladesh Standard Time)  12:9:46 [info] info: Example app listening on port 5000
Sun Jun 11 2023 12:10:43 GMT+0600 (Bangladesh Standard Time)  12:10:43 [info] info: Database is connected successfully
Sun Jun 11 2023 12:10:43 GMT+0600 (Bangladesh Standard Time)  12:10:43 [info] info: Example app listening on port 5000
Sun Jun 11 2023 12:10:53 GMT+0600 (Bangladesh Standard Time)  12:10:53 [PH] info: Database is connected successfully
Sun Jun 11 2023 12:10:53 GMT+0600 (Bangladesh Standard Time)  12:10:53 [PH] info: Example app listening on port 5000
